{
  "stats": {
    "suites": 1,
    "tests": 1,
    "passes": 1,
    "pending": 0,
    "failures": 0,
    "start": "2025-09-10T12:38:05.510Z",
    "end": "2025-09-10T12:38:14.869Z",
    "duration": 9359,
    "testsRegistered": 1,
    "passPercent": 100,
    "pendingPercent": 0,
    "other": 0,
    "hasOther": false,
    "skipped": 0,
    "hasSkipped": false
  },
  "results": [
    {
      "uuid": "3a08f06e-50a0-4f60-9df0-8effdba0138f",
      "title": "",
      "fullFile": "cypress\\integration\\examples\\CheckBoxControls.js",
      "file": "cypress\\integration\\examples\\CheckBoxControls.js",
      "beforeHooks": [],
      "afterHooks": [],
      "tests": [],
      "suites": [
        {
          "uuid": "337b2fab-abd5-4c7b-93d8-7540539c12d5",
          "title": "CheckBox Control",
          "fullFile": "",
          "file": "",
          "beforeHooks": [],
          "afterHooks": [],
          "tests": [
            {
              "title": "CheckBox Control",
              "fullTitle": "CheckBox Control CheckBox Control",
              "timedOut": null,
              "duration": 6744,
              "state": "passed",
              "speed": "medium",
              "pass": true,
              "fail": false,
              "pending": false,
              "context": "{\n  \"title\": \"cypress-mochawesome-reporter-videos-passed\",\n  \"value\": \"cypress\\\\integration\\\\examples\\\\CheckBoxControls.js\"\n}",
              "code": "cy.visit('https://rahulshettyacademy.com/AutomationPractice/');\n// Checkbox check\ncy.get('#checkBoxOption1').check().should('be.checked').and('have.value', 'option1');\n// Uncheck check box\ncy.get('#checkBoxOption1').uncheck().should('not.be.checked');\n//Check multiple checkboxes\ncy.get('[type=\"checkbox\"]').check();\n//Uncheck multiple check boxes\ncy.get('[type=\"checkbox\"]').uncheck();\n// Pass values as parameter\ncy.get('[type=\"checkbox\"]').check(['option1', 'option3']);\ncy.get('[type=\"checkbox\"]').check('option2');",
              "err": {},
              "uuid": "e8c050f6-e14d-4c32-aa1c-1386b558294b",
              "parentUUID": "337b2fab-abd5-4c7b-93d8-7540539c12d5",
              "isHook": false,
              "skipped": false
            }
          ],
          "suites": [],
          "passes": [
            "e8c050f6-e14d-4c32-aa1c-1386b558294b"
          ],
          "failures": [],
          "pending": [],
          "skipped": [],
          "duration": 6744,
          "root": false,
          "rootEmpty": false,
          "_timeout": 2000
        }
      ],
      "passes": [],
      "failures": [],
      "pending": [],
      "skipped": [],
      "duration": 0,
      "root": true,
      "rootEmpty": true,
      "_timeout": 2000
    }
  ],
  "meta": {
    "mocha": {
      "version": "7.2.0"
    },
    "mochawesome": {
      "options": {
        "quiet": false,
        "reportFilename": "mochawesome",
        "saveHtml": false,
        "saveJson": true,
        "consoleReporter": "spec",
        "useInlineDiffs": false,
        "code": true
      },
      "version": "7.1.3"
    },
    "marge": {
      "options": {
        "overwrite": false,
        "html": false,
        "json": true,
        "reportDir": "cypress\\reports\\html\\.jsons"
      },
      "version": "6.2.0"
    }
  }
}