{
  "stats": {
    "suites": 1,
    "tests": 1,
    "passes": 0,
    "pending": 0,
    "failures": 1,
    "start": "2025-09-12T13:46:26.535Z",
    "end": "2025-09-12T13:46:43.361Z",
    "duration": 16826,
    "testsRegistered": 1,
    "passPercent": 0,
    "pendingPercent": 0,
    "other": 0,
    "hasOther": false,
    "skipped": 0,
    "hasSkipped": false
  },
  "results": [
    {
      "uuid": "cd5c9cb9-7660-402d-a514-4ed26770b2bd",
      "title": "",
      "fullFile": "cypress\\integration\\examples\\Test1.js",
      "file": "cypress\\integration\\examples\\Test1.js",
      "beforeHooks": [],
      "afterHooks": [],
      "tests": [],
      "suites": [
        {
          "uuid": "f0ba4786-32a4-408a-80fb-3635547f6937",
          "title": "My First Test Suite",
          "fullFile": "",
          "file": "",
          "beforeHooks": [],
          "afterHooks": [],
          "tests": [
            {
              "title": "My First Test Case",
              "fullTitle": "My First Test Suite My First Test Case",
              "timedOut": null,
              "duration": 7037,
              "state": "failed",
              "speed": null,
              "pass": false,
              "fail": true,
              "pending": false,
              "context": "[\n  {\n    \"title\": \"cypress-mochawesome-reporter-videos-failed\",\n    \"value\": \"cypress\\\\integration\\\\examples\\\\Test1.js\"\n  },\n  {\n    \"title\": \"cypress-mochawesome-reporter-screenshots\",\n    \"value\": [\n      [\n        \"\\\\Test1.js\\\\My First Test Suite -- My First Test Case (failed).png\"\n      ],\n      [\n        \"\\\\Test1.js\\\\My First Test Suite -- My First Test Case (failed) (attempt 2).png\"\n      ]\n    ]\n  }\n]",
              "code": "cy.visit('https://rahulshettyacademy.com/seleniumPractise/#/');\n//Find element and type in it\ncy.get('input.search-keyword').type('ca1');\ncy.wait(2000);\n//find matching visible elements only and verify count\ncy.get('.product:visible').should('have.length', 4).then(function () {\n  // JS code. Print on browser console\n  console.log('sf');\n});\n//Aliasing --> same locator use in multiple places ,then store it in var-->change in one place only\ncy.get('.products').as('productLocator');\n//find child elements within parent element\ncy.get('@productLocator').find('.product').should('have.length', 4);\n// Get the DOM element containing the text\ncy.get('@productLocator').find('.product').eq(2).contains('ADD TO CART').click();\n// Iterate over each element and perform action\ncy.get('@productLocator').find('.product').each(function ($el, index, $list) {\n  // $el is a wrapped jQuery element\n  var vegText = $el.find('h4.product-name').text(); // pure jquey now\n  if (vegText.includes('Carrot')) {\n    cy.wrap($el).contains('ADD TO CART').click();\n  }\n});\n// To find the text of DOM element\ncy.get('[class=\"brand greenLogo\"]').then(function (logoElement) {\n  var logoText = logoElement.text();\n  // Print on TestRunner log\n  cy.log(logoText);\n});\ncy.get('[class=\"brand greenLogo\"]').should('have.text', 'GREENKART');",
              "err": {
                "message": "AssertionError: Timed out retrying after 4000ms: Expected to find element: `.product:visible`, but never found it.",
                "estack": "AssertionError: Timed out retrying after 4000ms: Expected to find element: `.product:visible`, but never found it.\n    at Context.eval (cypress/integration/examples/Test1.js:13:35)",
                "diff": null
              },
              "uuid": "6198e00c-512c-4dbc-abad-37f74d977ade",
              "parentUUID": "f0ba4786-32a4-408a-80fb-3635547f6937",
              "isHook": false,
              "skipped": false
            }
          ],
          "suites": [],
          "passes": [],
          "failures": [
            "6198e00c-512c-4dbc-abad-37f74d977ade"
          ],
          "pending": [],
          "skipped": [],
          "duration": 7037,
          "root": false,
          "rootEmpty": false,
          "_timeout": 2000
        }
      ],
      "passes": [],
      "failures": [],
      "pending": [],
      "skipped": [],
      "duration": 0,
      "root": true,
      "rootEmpty": true,
      "_timeout": 2000
    }
  ],
  "meta": {
    "mocha": {
      "version": "7.2.0"
    },
    "mochawesome": {
      "options": {
        "quiet": false,
        "reportFilename": "mochawesome",
        "saveHtml": false,
        "saveJson": true,
        "consoleReporter": "spec",
        "useInlineDiffs": false,
        "code": true
      },
      "version": "7.1.3"
    },
    "marge": {
      "options": {
        "reportDir": "cypress\\mochawesome-report\\.jsons",
        "overwrite": false,
        "html": false,
        "json": true,
        "embeddedScreenshots": true
      },
      "version": "6.2.0"
    }
  }
}